android/app/build/intermediates/manifest_merge_blame_file/release/manifest-merger-blame-release-report.txt
1<?xml version="1.0" encoding="utf-8"?>
2<manifest xmlns:android="http://schemas.android.com/apk/res/android"
3    package="co.tallah.app"
4    android:versionCode="27"
5    android:versionName="1.0.0" >
6
7    <uses-sdk
8        android:minSdkVersion="21"
8-->src/main/AndroidManifest.xml
9        android:targetSdkVersion="30" />
9-->src/main/AndroidManifest.xml
10
11    <uses-permission android:name="android.permission.INTERNET" />
11-->src/main/AndroidManifest.xml:4:5-67
11-->src/main/AndroidManifest.xml:4:22-64
12    <uses-permission android:name="android.permission.ACCESS_NETWORK_STATE" />
12-->src/main/AndroidManifest.xml:5:5-79
12-->src/main/AndroidManifest.xml:5:22-76
13    <!-- <uses-permission android:name="android.permission.CAMERA" /> -->
14    <uses-permission android:name="android.permission.WRITE_EXTERNAL_STORAGE" />
14-->src/main/AndroidManifest.xml:7:5-80
14-->src/main/AndroidManifest.xml:7:22-78
15    <uses-permission android:name="android.permission.BLUETOOTH" />
15-->src/main/AndroidManifest.xml:8:5-68
15-->src/main/AndroidManifest.xml:8:22-65
16    <uses-permission android:name="android.permission.ACCESS_WIFI_STATE" />
16-->[:react-native-community_netinfo] AndroidManifest.xml:10:5-76
16-->[:react-native-community_netinfo] AndroidManifest.xml:10:22-73
17    <uses-permission android:name="android.permission.WAKE_LOCK" /> <!-- Required by older versions of Google Play services to create IID tokens -->
17-->[:react-native-firebase_database] AndroidManifest.xml:10:5-68
17-->[:react-native-firebase_database] AndroidManifest.xml:10:22-65
18    <uses-permission android:name="com.google.android.c2dm.permission.RECEIVE" />
18-->[com.google.firebase:firebase-messaging:22.0.0] AndroidManifest.xml:25:5-82
18-->[com.google.firebase:firebase-messaging:22.0.0] AndroidManifest.xml:25:22-79
19    <uses-permission android:name="com.google.android.finsky.permission.BIND_GET_INSTALL_REFERRER_SERVICE" /> <!-- for android -->
19-->[com.google.android.gms:play-services-measurement:19.0.0] AndroidManifest.xml:26:5-110
19-->[com.google.android.gms:play-services-measurement:19.0.0] AndroidManifest.xml:26:22-107
20    <!-- <uses-permission android:name="com.android.launcher.permission.READ_SETTINGS"/> -->
21    <!-- <uses-permission android:name="com.android.launcher.permission.WRITE_SETTINGS"/> -->
22    <!-- <uses-permission android:name="com.android.launcher.permission.INSTALL_SHORTCUT" /> -->
23    <!-- <uses-permission android:name="com.android.launcher.permission.UNINSTALL_SHORTCUT" /> -->
24    <!-- for Samsung -->
25    <uses-permission android:name="com.sec.android.provider.badge.permission.READ" />
25-->[me.leolin:ShortcutBadger:1.1.22] AndroidManifest.xml:19:5-86
25-->[me.leolin:ShortcutBadger:1.1.22] AndroidManifest.xml:19:22-83
26    <uses-permission android:name="com.sec.android.provider.badge.permission.WRITE" /> <!-- for htc -->
26-->[me.leolin:ShortcutBadger:1.1.22] AndroidManifest.xml:20:5-87
26-->[me.leolin:ShortcutBadger:1.1.22] AndroidManifest.xml:20:22-84
27    <uses-permission android:name="com.htc.launcher.permission.READ_SETTINGS" />
27-->[me.leolin:ShortcutBadger:1.1.22] AndroidManifest.xml:23:5-81
27-->[me.leolin:ShortcutBadger:1.1.22] AndroidManifest.xml:23:22-78
28    <uses-permission android:name="com.htc.launcher.permission.UPDATE_SHORTCUT" /> <!-- for sony -->
28-->[me.leolin:ShortcutBadger:1.1.22] AndroidManifest.xml:24:5-83
28-->[me.leolin:ShortcutBadger:1.1.22] AndroidManifest.xml:24:22-80
29    <uses-permission android:name="com.sonyericsson.home.permission.BROADCAST_BADGE" />
29-->[me.leolin:ShortcutBadger:1.1.22] AndroidManifest.xml:27:5-88
29-->[me.leolin:ShortcutBadger:1.1.22] AndroidManifest.xml:27:22-85
30    <uses-permission android:name="com.sonymobile.home.permission.PROVIDER_INSERT_BADGE" /> <!-- for apex -->
30-->[me.leolin:ShortcutBadger:1.1.22] AndroidManifest.xml:28:5-92
30-->[me.leolin:ShortcutBadger:1.1.22] AndroidManifest.xml:28:22-89
31    <uses-permission android:name="com.anddoes.launcher.permission.UPDATE_COUNT" /> <!-- for solid -->
31-->[me.leolin:ShortcutBadger:1.1.22] AndroidManifest.xml:31:5-84
31-->[me.leolin:ShortcutBadger:1.1.22] AndroidManifest.xml:31:22-81
32    <uses-permission android:name="com.majeur.launcher.permission.UPDATE_BADGE" /> <!-- for huawei -->
32-->[me.leolin:ShortcutBadger:1.1.22] AndroidManifest.xml:34:5-83
32-->[me.leolin:ShortcutBadger:1.1.22] AndroidManifest.xml:34:22-80
33    <uses-permission android:name="com.huawei.android.launcher.permission.CHANGE_BADGE" />
33-->[me.leolin:ShortcutBadger:1.1.22] AndroidManifest.xml:37:5-91
33-->[me.leolin:ShortcutBadger:1.1.22] AndroidManifest.xml:37:22-88
34    <uses-permission android:name="com.huawei.android.launcher.permission.READ_SETTINGS" />
34-->[me.leolin:ShortcutBadger:1.1.22] AndroidManifest.xml:38:5-92
34-->[me.leolin:ShortcutBadger:1.1.22] AndroidManifest.xml:38:22-89
35    <uses-permission android:name="com.huawei.android.launcher.permission.WRITE_SETTINGS" /> <!-- for ZUK -->
35-->[me.leolin:ShortcutBadger:1.1.22] AndroidManifest.xml:39:5-93
35-->[me.leolin:ShortcutBadger:1.1.22] AndroidManifest.xml:39:22-90
36    <uses-permission android:name="android.permission.READ_APP_BADGE" /> <!-- for OPPO -->
36-->[me.leolin:ShortcutBadger:1.1.22] AndroidManifest.xml:42:5-73
36-->[me.leolin:ShortcutBadger:1.1.22] AndroidManifest.xml:42:22-70
37    <uses-permission android:name="com.oppo.launcher.permission.READ_SETTINGS" />
37-->[me.leolin:ShortcutBadger:1.1.22] AndroidManifest.xml:45:5-82
37-->[me.leolin:ShortcutBadger:1.1.22] AndroidManifest.xml:45:22-79
38    <uses-permission android:name="com.oppo.launcher.permission.WRITE_SETTINGS" /> <!-- for EvMe -->
38-->[me.leolin:ShortcutBadger:1.1.22] AndroidManifest.xml:46:5-83
38-->[me.leolin:ShortcutBadger:1.1.22] AndroidManifest.xml:46:22-80
39    <uses-permission android:name="me.everything.badger.permission.BADGE_COUNT_READ" />
39-->[me.leolin:ShortcutBadger:1.1.22] AndroidManifest.xml:49:5-88
39-->[me.leolin:ShortcutBadger:1.1.22] AndroidManifest.xml:49:22-85
40    <uses-permission android:name="me.everything.badger.permission.BADGE_COUNT_WRITE" />
40-->[me.leolin:ShortcutBadger:1.1.22] AndroidManifest.xml:50:5-89
40-->[me.leolin:ShortcutBadger:1.1.22] AndroidManifest.xml:50:22-86
41
42    <application
42-->src/main/AndroidManifest.xml:10:5-35:19
43        android:name="co.tallah.app.MainApplication"
43-->src/main/AndroidManifest.xml:11:7-38
44        android:allowBackup="false"
44-->src/main/AndroidManifest.xml:15:7-34
45        android:appComponentFactory="androidx.core.app.CoreComponentFactory"
45-->[androidx.core:core:1.6.0] AndroidManifest.xml:24:18-86
46        android:icon="@mipmap/ic_launcher"
46-->src/main/AndroidManifest.xml:13:7-41
47        android:label="@string/app_name"
47-->src/main/AndroidManifest.xml:12:7-39
48        android:roundIcon="@mipmap/ic_launcher"
48-->src/main/AndroidManifest.xml:14:7-46
49        android:supportsRtl="true"
49-->[com.facebook.android:facebook-android-sdk:8.2.0] AndroidManifest.xml:28:18-44
50        android:theme="@style/SplashTheme" >
50-->src/main/AndroidManifest.xml:16:7-41
51        <meta-data
51-->src/main/AndroidManifest.xml:18:7-21:9
52            android:name="com.facebook.sdk.ApplicationId"
52-->src/main/AndroidManifest.xml:19:9-54
53            android:value="@string/facebook_app_id" />
53-->src/main/AndroidManifest.xml:20:9-48
54
55        <activity
55-->src/main/AndroidManifest.xml:22:7-33:18
56            android:name="co.tallah.app.MainActivity"
56-->src/main/AndroidManifest.xml:23:9-37
57            android:configChanges="keyboard|keyboardHidden|orientation|screenSize|uiMode"
57-->src/main/AndroidManifest.xml:25:9-86
58            android:exported="true"
58-->src/main/AndroidManifest.xml:28:9-34
59            android:label="@string/app_name"
59-->src/main/AndroidManifest.xml:24:9-41
60            android:launchMode="singleTask"
60-->src/main/AndroidManifest.xml:26:9-40
61            android:windowSoftInputMode="adjustResize" >
61-->src/main/AndroidManifest.xml:27:9-51
62            <intent-filter>
62-->src/main/AndroidManifest.xml:29:9-32:25
63                <action android:name="android.intent.action.MAIN" />
63-->src/main/AndroidManifest.xml:30:13-65
63-->src/main/AndroidManifest.xml:30:21-62
64
65                <category android:name="android.intent.category.LAUNCHER" />
65-->src/main/AndroidManifest.xml:31:13-73
65-->src/main/AndroidManifest.xml:31:23-70
66            </intent-filter>
67        </activity>
68        <activity android:name="com.facebook.react.devsupport.DevSettingsActivity" />
68-->src/main/AndroidManifest.xml:34:7-84
68-->src/main/AndroidManifest.xml:34:17-81
69
70        <service android:name="io.invertase.firebase.messaging.ReactNativeFirebaseMessagingHeadlessService" />
70-->[:react-native-firebase_messaging] AndroidManifest.xml:14:9-111
70-->[:react-native-firebase_messaging] AndroidManifest.xml:14:18-108
71        <service
71-->[:react-native-firebase_messaging] AndroidManifest.xml:15:9-21:19
72            android:name="io.invertase.firebase.messaging.ReactNativeFirebaseMessagingService"
72-->[:react-native-firebase_messaging] AndroidManifest.xml:16:13-95
73            android:exported="false" >
73-->[:react-native-firebase_messaging] AndroidManifest.xml:17:13-37
74            <intent-filter>
74-->[:react-native-firebase_messaging] AndroidManifest.xml:18:13-20:29
75                <action android:name="com.google.firebase.MESSAGING_EVENT" />
75-->[:react-native-firebase_messaging] AndroidManifest.xml:19:17-78
75-->[:react-native-firebase_messaging] AndroidManifest.xml:19:25-75
76            </intent-filter>
77        </service>
78
79        <receiver
79-->[:react-native-firebase_messaging] AndroidManifest.xml:23:9-30:20
80            android:name="io.invertase.firebase.messaging.ReactNativeFirebaseMessagingReceiver"
80-->[:react-native-firebase_messaging] AndroidManifest.xml:24:13-96
81            android:exported="true"
81-->[:react-native-firebase_messaging] AndroidManifest.xml:25:13-36
82            android:permission="com.google.android.c2dm.permission.SEND" >
82-->[:react-native-firebase_messaging] AndroidManifest.xml:26:13-73
83            <intent-filter>
83-->[:react-native-firebase_messaging] AndroidManifest.xml:27:13-29:29
84                <action android:name="com.google.android.c2dm.intent.RECEIVE" />
84-->[:react-native-firebase_messaging] AndroidManifest.xml:28:17-81
84-->[:react-native-firebase_messaging] AndroidManifest.xml:28:25-78
85            </intent-filter>
86        </receiver>
87
88        <meta-data
88-->[:react-native-firebase_messaging] AndroidManifest.xml:32:9-34:36
89            android:name="firebase_messaging_auto_init_enabled"
89-->[:react-native-firebase_messaging] AndroidManifest.xml:33:13-64
90            android:value="true" />
90-->[:react-native-firebase_messaging] AndroidManifest.xml:34:13-33
91        <meta-data
91-->[:react-native-firebase_messaging] AndroidManifest.xml:35:9-37:32
92            android:name="com.google.firebase.messaging.default_notification_channel_id"
92-->[:react-native-firebase_messaging] AndroidManifest.xml:36:13-89
93            android:value="" />
93-->[:react-native-firebase_messaging] AndroidManifest.xml:37:13-29
94        <meta-data
94-->[:react-native-firebase_messaging] AndroidManifest.xml:38:9-40:47
95            android:name="com.google.firebase.messaging.default_notification_color"
95-->[:react-native-firebase_messaging] AndroidManifest.xml:39:13-84
96            android:resource="@color/white" />
96-->[:react-native-firebase_messaging] AndroidManifest.xml:40:13-44
97        <meta-data
97-->[:react-native-firebase_app] AndroidManifest.xml:10:9-12:36
98            android:name="app_data_collection_default_enabled"
98-->[:react-native-firebase_app] AndroidManifest.xml:11:13-63
99            android:value="true" />
99-->[:react-native-firebase_app] AndroidManifest.xml:12:13-33
100
101        <service
101-->[:react-native-firebase_app] AndroidManifest.xml:14:9-18:19
102            android:name="com.google.firebase.components.ComponentDiscoveryService"
102-->[:react-native-firebase_app] AndroidManifest.xml:14:18-89
103            android:directBootAware="true"
103-->[com.google.firebase:firebase-common:20.0.0] AndroidManifest.xml:35:13-43
104            android:exported="false" >
104-->[com.google.firebase:firebase-messaging:22.0.0] AndroidManifest.xml:51:13-37
105            <meta-data
105-->[:react-native-firebase_app] AndroidManifest.xml:15:13-17:85
106                android:name="com.google.firebase.components:io.invertase.firebase.app.ReactNativeFirebaseAppRegistrar"
106-->[:react-native-firebase_app] AndroidManifest.xml:16:17-120
107                android:value="com.google.firebase.components.ComponentRegistrar" />
107-->[:react-native-firebase_app] AndroidManifest.xml:17:17-82
108            <meta-data
108-->[com.google.firebase:firebase-messaging:22.0.0] AndroidManifest.xml:52:13-54:85
109                android:name="com.google.firebase.components:com.google.firebase.messaging.FirebaseMessagingRegistrar"
109-->[com.google.firebase:firebase-messaging:22.0.0] AndroidManifest.xml:53:17-119
110                android:value="com.google.firebase.components.ComponentRegistrar" />
110-->[com.google.firebase:firebase-messaging:22.0.0] AndroidManifest.xml:54:17-82
111            <meta-data
111-->[com.google.firebase:firebase-datatransport:18.0.0] AndroidManifest.xml:28:13-30:85
112                android:name="com.google.firebase.components:com.google.firebase.datatransport.TransportRegistrar"
112-->[com.google.firebase:firebase-datatransport:18.0.0] AndroidManifest.xml:29:17-115
113                android:value="com.google.firebase.components.ComponentRegistrar" />
113-->[com.google.firebase:firebase-datatransport:18.0.0] AndroidManifest.xml:30:17-82
114            <meta-data
114-->[com.google.firebase:firebase-database:20.0.1] AndroidManifest.xml:32:13-34:85
115                android:name="com.google.firebase.components:com.google.firebase.database.DatabaseRegistrar"
115-->[com.google.firebase:firebase-database:20.0.1] AndroidManifest.xml:33:17-109
116                android:value="com.google.firebase.components.ComponentRegistrar" />
116-->[com.google.firebase:firebase-database:20.0.1] AndroidManifest.xml:34:17-82
117            <meta-data
117-->[com.google.android.gms:play-services-measurement-api:19.0.0] AndroidManifest.xml:30:13-32:85
118                android:name="com.google.firebase.components:com.google.firebase.analytics.connector.internal.AnalyticsConnectorRegistrar"
118-->[com.google.android.gms:play-services-measurement-api:19.0.0] AndroidManifest.xml:31:17-139
119                android:value="com.google.firebase.components.ComponentRegistrar" />
119-->[com.google.android.gms:play-services-measurement-api:19.0.0] AndroidManifest.xml:32:17-82
120            <meta-data
120-->[com.google.firebase:firebase-installations:17.0.0] AndroidManifest.xml:18:13-20:85
121                android:name="com.google.firebase.components:com.google.firebase.installations.FirebaseInstallationsRegistrar"
121-->[com.google.firebase:firebase-installations:17.0.0] AndroidManifest.xml:19:17-127
122                android:value="com.google.firebase.components.ComponentRegistrar" />
122-->[com.google.firebase:firebase-installations:17.0.0] AndroidManifest.xml:20:17-82
123        </service>
124
125        <provider
125-->[:react-native-firebase_app] AndroidManifest.xml:20:9-24:38
126            android:name="io.invertase.firebase.app.ReactNativeFirebaseAppInitProvider"
126-->[:react-native-firebase_app] AndroidManifest.xml:21:13-88
127            android:authorities="co.tallah.app.reactnativefirebaseappinitprovider"
127-->[:react-native-firebase_app] AndroidManifest.xml:22:13-86
128            android:exported="false"
128-->[:react-native-firebase_app] AndroidManifest.xml:23:13-37
129            android:initOrder="99" />
129-->[:react-native-firebase_app] AndroidManifest.xml:24:13-35
130        <provider
130-->[:react-native-image-picker] AndroidManifest.xml:10:9-18:20
131            android:name="com.imagepicker.ImagePickerProvider"
131-->[:react-native-image-picker] AndroidManifest.xml:11:13-63
132            android:authorities="co.tallah.app.imagepickerprovider"
132-->[:react-native-image-picker] AndroidManifest.xml:12:13-71
133            android:exported="false"
133-->[:react-native-image-picker] AndroidManifest.xml:13:13-37
134            android:grantUriPermissions="true" >
134-->[:react-native-image-picker] AndroidManifest.xml:14:13-47
135            <meta-data
135-->[:react-native-image-picker] AndroidManifest.xml:15:13-17:70
136                android:name="android.support.FILE_PROVIDER_PATHS"
136-->[:react-native-image-picker] AndroidManifest.xml:16:17-67
137                android:resource="@xml/imagepicker_provider_paths" />
137-->[:react-native-image-picker] AndroidManifest.xml:17:17-67
138        </provider>
139        <provider
139-->[:react-native-share] AndroidManifest.xml:10:9-18:20
140            android:name="cl.json.RNShareFileProvider"
140-->[:react-native-share] AndroidManifest.xml:11:13-55
141            android:authorities="co.tallah.app.rnshare.fileprovider"
141-->[:react-native-share] AndroidManifest.xml:12:13-72
142            android:exported="false"
142-->[:react-native-share] AndroidManifest.xml:13:13-37
143            android:grantUriPermissions="true" >
143-->[:react-native-share] AndroidManifest.xml:14:13-47
144            <meta-data
144-->[:react-native-image-picker] AndroidManifest.xml:15:13-17:70
145                android:name="android.support.FILE_PROVIDER_PATHS"
145-->[:react-native-image-picker] AndroidManifest.xml:16:17-67
146                android:resource="@xml/share_download_paths" />
146-->[:react-native-image-picker] AndroidManifest.xml:17:17-67
147        </provider>
148        <provider
148-->[:react-native-webview] AndroidManifest.xml:10:9-18:20
149            android:name="com.reactnativecommunity.webview.RNCWebViewFileProvider"
149-->[:react-native-webview] AndroidManifest.xml:11:13-83
150            android:authorities="co.tallah.app.fileprovider"
150-->[:react-native-webview] AndroidManifest.xml:12:13-64
151            android:exported="false"
151-->[:react-native-webview] AndroidManifest.xml:13:13-37
152            android:grantUriPermissions="true" >
152-->[:react-native-webview] AndroidManifest.xml:14:13-47
153            <meta-data
153-->[:react-native-image-picker] AndroidManifest.xml:15:13-17:70
154                android:name="android.support.FILE_PROVIDER_PATHS"
154-->[:react-native-image-picker] AndroidManifest.xml:16:17-67
155                android:resource="@xml/file_provider_paths" />
155-->[:react-native-image-picker] AndroidManifest.xml:17:17-67
156        </provider>
157
158        <receiver
158-->[com.google.firebase:firebase-messaging:22.0.0] AndroidManifest.xml:28:9-35:20
159            android:name="com.google.firebase.iid.FirebaseInstanceIdReceiver"
159-->[com.google.firebase:firebase-messaging:22.0.0] AndroidManifest.xml:29:13-78
160            android:exported="true"
160-->[com.google.firebase:firebase-messaging:22.0.0] AndroidManifest.xml:30:13-36
161            android:permission="com.google.android.c2dm.permission.SEND" >
161-->[com.google.firebase:firebase-messaging:22.0.0] AndroidManifest.xml:31:13-73
162            <intent-filter>
162-->[:react-native-firebase_messaging] AndroidManifest.xml:27:13-29:29
163                <action android:name="com.google.android.c2dm.intent.RECEIVE" />
163-->[:react-native-firebase_messaging] AndroidManifest.xml:28:17-81
163-->[:react-native-firebase_messaging] AndroidManifest.xml:28:25-78
164            </intent-filter>
165        </receiver>
166        <!--
167             FirebaseMessagingService performs security checks at runtime,
168             but set to not exported to explicitly avoid allowing another app to call it.
169        -->
170        <service
170-->[com.google.firebase:firebase-messaging:22.0.0] AndroidManifest.xml:41:9-48:19
171            android:name="com.google.firebase.messaging.FirebaseMessagingService"
171-->[com.google.firebase:firebase-messaging:22.0.0] AndroidManifest.xml:42:13-82
172            android:directBootAware="true"
172-->[com.google.firebase:firebase-messaging:22.0.0] AndroidManifest.xml:43:13-43
173            android:exported="false" >
173-->[com.google.firebase:firebase-messaging:22.0.0] AndroidManifest.xml:44:13-37
174            <intent-filter android:priority="-500" >
174-->[:react-native-firebase_messaging] AndroidManifest.xml:18:13-20:29
175                <action android:name="com.google.firebase.MESSAGING_EVENT" />
175-->[:react-native-firebase_messaging] AndroidManifest.xml:19:17-78
175-->[:react-native-firebase_messaging] AndroidManifest.xml:19:25-75
176            </intent-filter>
177        </service>
178
179        <activity
179-->[com.facebook.android:facebook-common:8.2.0] AndroidManifest.xml:30:9-33:66
180            android:name="com.facebook.FacebookActivity"
180-->[com.facebook.android:facebook-common:8.2.0] AndroidManifest.xml:31:13-57
181            android:configChanges="keyboard|keyboardHidden|screenLayout|screenSize|orientation"
181-->[com.facebook.android:facebook-common:8.2.0] AndroidManifest.xml:32:13-96
182            android:theme="@style/com_facebook_activity_theme" />
182-->[com.facebook.android:facebook-common:8.2.0] AndroidManifest.xml:33:13-63
183        <activity android:name="com.facebook.CustomTabMainActivity" />
183-->[com.facebook.android:facebook-common:8.2.0] AndroidManifest.xml:34:9-71
183-->[com.facebook.android:facebook-common:8.2.0] AndroidManifest.xml:34:19-68
184        <activity
184-->[com.facebook.android:facebook-common:8.2.0] AndroidManifest.xml:35:9-49:20
185            android:name="com.facebook.CustomTabActivity"
185-->[com.facebook.android:facebook-common:8.2.0] AndroidManifest.xml:36:13-58
186            android:exported="true" >
186-->[com.facebook.android:facebook-common:8.2.0] AndroidManifest.xml:37:13-36
187            <intent-filter>
187-->[com.facebook.android:facebook-common:8.2.0] AndroidManifest.xml:39:13-48:29
188                <action android:name="android.intent.action.VIEW" />
188-->[com.facebook.android:facebook-common:8.2.0] AndroidManifest.xml:40:17-69
188-->[com.facebook.android:facebook-common:8.2.0] AndroidManifest.xml:40:25-66
189
190                <category android:name="android.intent.category.DEFAULT" />
190-->[com.facebook.android:facebook-common:8.2.0] AndroidManifest.xml:42:17-76
190-->[com.facebook.android:facebook-common:8.2.0] AndroidManifest.xml:42:27-73
191                <category android:name="android.intent.category.BROWSABLE" />
191-->[com.facebook.android:facebook-common:8.2.0] AndroidManifest.xml:43:17-78
191-->[com.facebook.android:facebook-common:8.2.0] AndroidManifest.xml:43:27-75
192
193                <data
193-->[com.facebook.android:facebook-common:8.2.0] AndroidManifest.xml:45:17-47:50
194                    android:host="cct.co.tallah.app"
194-->[com.facebook.android:facebook-common:8.2.0] AndroidManifest.xml:46:21-56
195                    android:scheme="fbconnect" />
195-->[com.facebook.android:facebook-common:8.2.0] AndroidManifest.xml:47:21-47
196            </intent-filter>
197        </activity>
198
199        <service
199-->[com.google.android.datatransport:transport-backend-cct:3.0.0] AndroidManifest.xml:29:9-35:19
200            android:name="com.google.android.datatransport.runtime.backends.TransportBackendDiscovery"
200-->[com.google.android.datatransport:transport-backend-cct:3.0.0] AndroidManifest.xml:30:13-103
201            android:exported="false" >
201-->[com.google.android.datatransport:transport-backend-cct:3.0.0] AndroidManifest.xml:31:13-37
202            <meta-data
202-->[com.google.android.datatransport:transport-backend-cct:3.0.0] AndroidManifest.xml:32:13-34:39
203                android:name="backend:com.google.android.datatransport.cct.CctBackendFactory"
203-->[com.google.android.datatransport:transport-backend-cct:3.0.0] AndroidManifest.xml:33:17-94
204                android:value="cct" />
204-->[com.google.android.datatransport:transport-backend-cct:3.0.0] AndroidManifest.xml:34:17-36
205        </service>
206
207        <provider
207-->[com.google.firebase:firebase-common:20.0.0] AndroidManifest.xml:26:9-31:39
208            android:name="com.google.firebase.provider.FirebaseInitProvider"
208-->[com.google.firebase:firebase-common:20.0.0] AndroidManifest.xml:27:13-77
209            android:authorities="co.tallah.app.firebaseinitprovider"
209-->[com.google.firebase:firebase-common:20.0.0] AndroidManifest.xml:28:13-72
210            android:directBootAware="true"
210-->[com.google.firebase:firebase-common:20.0.0] AndroidManifest.xml:29:13-43
211            android:exported="false"
211-->[com.google.firebase:firebase-common:20.0.0] AndroidManifest.xml:30:13-37
212            android:initOrder="100" />
212-->[com.google.firebase:firebase-common:20.0.0] AndroidManifest.xml:31:13-36
213
214        <service
214-->[com.google.android.datatransport:transport-runtime:3.0.0] AndroidManifest.xml:26:9-30:19
215            android:name="com.google.android.datatransport.runtime.scheduling.jobscheduling.JobInfoSchedulerService"
215-->[com.google.android.datatransport:transport-runtime:3.0.0] AndroidManifest.xml:27:13-117
216            android:exported="false"
216-->[com.google.android.datatransport:transport-runtime:3.0.0] AndroidManifest.xml:28:13-37
217            android:permission="android.permission.BIND_JOB_SERVICE" >
217-->[com.google.android.datatransport:transport-runtime:3.0.0] AndroidManifest.xml:29:13-69
218        </service>
219
220        <receiver
220-->[com.google.android.datatransport:transport-runtime:3.0.0] AndroidManifest.xml:32:9-34:40
221            android:name="com.google.android.datatransport.runtime.scheduling.jobscheduling.AlarmManagerSchedulerBroadcastReceiver"
221-->[com.google.android.datatransport:transport-runtime:3.0.0] AndroidManifest.xml:33:13-132
222            android:exported="false" />
222-->[com.google.android.datatransport:transport-runtime:3.0.0] AndroidManifest.xml:34:13-37
223
224        <meta-data
224-->[com.github.bumptech.glide:okhttp3-integration:4.12.0] AndroidManifest.xml:11:9-13:43
225            android:name="com.bumptech.glide.integration.okhttp3.OkHttpGlideModule"
225-->[com.github.bumptech.glide:okhttp3-integration:4.12.0] AndroidManifest.xml:12:13-84
226            android:value="GlideModule" />
226-->[com.github.bumptech.glide:okhttp3-integration:4.12.0] AndroidManifest.xml:13:13-40
227
228        <activity
228-->[com.google.android.gms:play-services-auth:20.1.0] AndroidManifest.xml:23:9-27:75
229            android:name="com.google.android.gms.auth.api.signin.internal.SignInHubActivity"
229-->[com.google.android.gms:play-services-auth:20.1.0] AndroidManifest.xml:24:13-93
230            android:excludeFromRecents="true"
230-->[com.google.android.gms:play-services-auth:20.1.0] AndroidManifest.xml:25:13-46
231            android:exported="false"
231-->[com.google.android.gms:play-services-auth:20.1.0] AndroidManifest.xml:26:13-37
232            android:theme="@android:style/Theme.Translucent.NoTitleBar" />
232-->[com.google.android.gms:play-services-auth:20.1.0] AndroidManifest.xml:27:13-72
233        <!--
234            Service handling Google Sign-In user revocation. For apps that do not integrate with
235            Google Sign-In, this service will never be started.
236        -->
237        <service
237-->[com.google.android.gms:play-services-auth:20.1.0] AndroidManifest.xml:33:9-37:51
238            android:name="com.google.android.gms.auth.api.signin.RevocationBoundService"
238-->[com.google.android.gms:play-services-auth:20.1.0] AndroidManifest.xml:34:13-89
239            android:exported="true"
239-->[com.google.android.gms:play-services-auth:20.1.0] AndroidManifest.xml:35:13-36
240            android:permission="com.google.android.gms.auth.api.signin.permission.REVOCATION_NOTIFICATION"
240-->[com.google.android.gms:play-services-auth:20.1.0] AndroidManifest.xml:36:13-107
241            android:visibleToInstantApps="true" />
241-->[com.google.android.gms:play-services-auth:20.1.0] AndroidManifest.xml:37:13-48
242
243        <receiver
243-->[com.google.android.gms:play-services-measurement:19.0.0] AndroidManifest.xml:29:9-33:20
244            android:name="com.google.android.gms.measurement.AppMeasurementReceiver"
244-->[com.google.android.gms:play-services-measurement:19.0.0] AndroidManifest.xml:30:13-85
245            android:enabled="true"
245-->[com.google.android.gms:play-services-measurement:19.0.0] AndroidManifest.xml:31:13-35
246            android:exported="false" >
246-->[com.google.android.gms:play-services-measurement:19.0.0] AndroidManifest.xml:32:13-37
247        </receiver>
248
249        <service
249-->[com.google.android.gms:play-services-measurement:19.0.0] AndroidManifest.xml:35:9-38:40
250            android:name="com.google.android.gms.measurement.AppMeasurementService"
250-->[com.google.android.gms:play-services-measurement:19.0.0] AndroidManifest.xml:36:13-84
251            android:enabled="true"
251-->[com.google.android.gms:play-services-measurement:19.0.0] AndroidManifest.xml:37:13-35
252            android:exported="false" />
252-->[com.google.android.gms:play-services-measurement:19.0.0] AndroidManifest.xml:38:13-37
253        <service
253-->[com.google.android.gms:play-services-measurement:19.0.0] AndroidManifest.xml:39:9-43:72
254            android:name="com.google.android.gms.measurement.AppMeasurementJobService"
254-->[com.google.android.gms:play-services-measurement:19.0.0] AndroidManifest.xml:40:13-87
255            android:enabled="true"
255-->[com.google.android.gms:play-services-measurement:19.0.0] AndroidManifest.xml:41:13-35
256            android:exported="false"